2025-03-29 06:51:43 - API endpoint accessed. Method: GET
2025-03-29 06:52:29 - API endpoint accessed. Method: POST
2025-03-29 06:52:29 - Received data: Array
(
    [company_name] => Test Company 1743227549
    [business_type] => Test Business
    [location] => Test Location
    [email] => test@example.com
    [phone] => 123-456-7890
    [website] => www.test.com
    [rating] => 5
    [notes] => Test notes
)

2025-03-29 06:52:29 - SQL: INSERT INTO construction_contractors (company_name, business_type, location, email, phone, website, rating, notes, created_at, updated_at) 
            VALUES (?, ?, ?, ?, ?, ?, ?, ?, NOW(), NOW())
2025-03-29 06:52:29 - Params: Array
(
    [0] => Test Company 1743227549
    [1] => Test Business
    [2] => Test Location
    [3] => test@example.com
    [4] => 123-456-7890
    [5] => www.test.com
    [6] => 5
    [7] => Test notes
)

2025-03-29 06:52:29 - Insert result: ID: 10
2025-03-29 07:12:04 - API endpoint accessed. Method: GET
2025-03-29 07:14:00 - API endpoint accessed. Method: GET
2025-03-29 07:15:57 - API endpoint accessed. Method: GET
2025-03-29 07:18:29 - API endpoint accessed. Method: GET
2025-03-29 07:21:13 - API endpoint accessed. Method: GET
2025-03-29 07:23:47 - API endpoint accessed. Method: GET
2025-03-29 07:23:58 - API endpoint accessed. Method: POST
2025-03-29 07:23:58 - Received data: Array
(
    [company_name] => ABC Construction
    [business_type] => General Contractor
    [location] => New York, NY
    [email] => info@abcconstruction.com
    [phone] => 555-123-4567
    [rating] => 4
    [notes] => 
    [contact_person] => Array
        (
            [name] => John Smith
            [position] => Project Manager
            [phone] => 555-111-2222
            [email] => jsmith@abcconstruction.com
            [is_primary_contact] => 1
        )

    [employees] => Array
        (
        )

)

2025-03-29 07:23:58 - API endpoint accessed. Method: GET
2025-03-29 07:24:42 - API endpoint accessed. Method: POST
2025-03-29 07:24:42 - Received data: Array
(
    [company_name] => zdgnsfsrhrsth
    [business_type] => Electrical
    [location] => thrshsrth
    [email] => mike@gmail.com
    [phone] => 9452587485
    [rating] => 0
    [notes] => 
    [contact_person] => Array
        (
            [name] => sdvsvsvsv
            [position] => vaevaev
            [phone] => 9452587485
            [email] => mike@gmail.com
            [is_primary_contact] => 1
        )

)

2025-03-29 07:24:42 - SQL: INSERT INTO construction_contractors (company_name, business_type, location, email, phone, website, rating, notes, created_at, updated_at) 
            VALUES (?, ?, ?, ?, ?, ?, ?, ?, NOW(), NOW())
2025-03-29 07:24:42 - Params: Array
(
    [0] => zdgnsfsrhrsth
    [1] => Electrical
    [2] => thrshsrth
    [3] => mike@gmail.com
    [4] => 9452587485
    [5] => 
    [6] => 0
    [7] => 
)

2025-03-29 07:24:42 - Insert result: ID: 11
2025-03-29 07:24:42 - API endpoint accessed. Method: GET
2025-03-29 07:26:17 - API endpoint accessed. Method: POST
2025-03-29 07:26:17 - Received data: Array
(
    [company_name] => zdgnsfsrhrsth
    [business_type] => Electrical
    [location] => thrshsrth
    [email] => mike@gmail.com
    [phone] => 9452587485
    [rating] => 5
    [notes] => 
    [contact_person] => Array
        (
            [name] => None
            [position] => fbdfbdb
            [phone] => 9452587485
            [email] => mike@gmail.com
            [is_primary_contact] => 1
        )

    [employees] => Array
        (
        )

)

2025-03-29 07:26:17 - API endpoint accessed. Method: GET
2025-03-29 07:39:25 - API endpoint accessed. Method: GET
2025-03-29 07:39:50 - API endpoint accessed. Method: POST
2025-03-29 07:39:50 - Received data: Array
(
    [company_name] => zdgnsfsrhrsth
    [business_type] => Electrical
    [location] => thrshsrth
    [email] => mike@gmail.com
    [phone] => 9452587485
    [rating] => 3
    [contact_person] => Array
        (
            [name] => dsffy
            [position] => yjdtyjtdyjtdyj
            [phone] => 9452587485
            [email] => mike@gmail.com
            [is_primary_contact] => 1
        )

)

2025-03-29 07:39:50 - API endpoint accessed. Method: GET
2025-03-29 07:40:41 - API endpoint accessed. Method: POST
2025-03-29 07:40:41 - Received data: Array
(
    [company_name] => zdgnsfsrhrsth
    [business_type] => Electrical
    [location] => thrshsrth
    [email] => mike@gmail.com
    [phone] => 9452587485
    [rating] => 5
    [contact_person] => Array
        (
            [name] => dsffy
            [position] => yjdtyjtdyjtdyj
            [phone] => 9452587485
            [email] => mike@gmail.com
            [is_primary_contact] => 1
        )

)

2025-03-29 07:40:41 - API endpoint accessed. Method: GET
2025-03-29 07:50:01 - API endpoint accessed. Method: GET
2025-03-29 07:54:11 - API endpoint accessed. Method: GET
2025-03-29 07:55:40 - API endpoint accessed. Method: GET
2025-03-29 07:58:16 - API endpoint accessed. Method: DELETE
2025-03-29 07:59:08 - API endpoint accessed. Method: GET
2025-03-29 07:59:18 - API endpoint accessed. Method: GET
2025-03-29 08:05:17 - API endpoint accessed. Method: GET
2025-03-29 08:13:19 - API endpoint accessed. Method: GET
2025-03-29 08:21:42 - API endpoint accessed. Method: GET
2025-03-29 21:17:38 - API endpoint accessed. Method: GET
2025-03-29 21:18:15 - API endpoint accessed. Method: POST
2025-03-29 21:18:15 - Received data: Array
(
    [company_name] => zdgnsfsrhrsth
    [business_type] => Electrical
    [location] => thrshsrth
    [email] => mike@gmail.com
    [phone] => 9452587485
    [rating] => 3
    [contact_person] => Array
        (
            [name] => dsffy
            [position] => yjdtyjtdyjtdyj
            [phone] => 9452587485
            [email] => mike@gmail.com
            [is_primary_contact] => 1
        )

)

2025-03-29 21:18:15 - API endpoint accessed. Method: GET
2025-03-29 21:26:42 - API endpoint accessed. Method: GET
2025-03-29 21:26:56 - API endpoint accessed. Method: GET
2025-03-29 21:34:55 - API endpoint accessed. Method: GET
2025-03-29 21:39:50 - API endpoint accessed. Method: GET
2025-03-29 21:50:30 - API endpoint accessed. Method: GET
2025-03-29 21:54:59 - API endpoint accessed. Method: GET
2025-03-29 22:02:12 - API endpoint accessed. Method: GET
2025-03-29 22:03:25 - API endpoint accessed. Method: GET
2025-03-29 22:20:29 - API endpoint accessed. Method: GET
2025-03-29 23:36:21 - API endpoint accessed. Method: GET
2025-03-29 23:43:25 - API endpoint accessed. Method: GET
2025-03-29 23:52:47 - API endpoint accessed. Method: GET
2025-03-29 23:53:04 - API endpoint accessed. Method: GET
2025-03-30 00:03:17 - API endpoint accessed. Method: GET
2025-03-30 00:10:23 - API endpoint accessed. Method: GET
2025-03-30 00:15:10 - API endpoint accessed. Method: GET
2025-03-30 00:23:11 - API endpoint accessed. Method: GET
2025-03-30 00:33:37 - API endpoint accessed. Method: GET
2025-03-30 00:51:55 - API endpoint accessed. Method: GET
2025-03-30 01:29:31 - API endpoint accessed. Method: GET
2025-03-30 01:39:53 - API endpoint accessed. Method: GET
2025-03-30 01:40:03 - API endpoint accessed. Method: GET
2025-03-30 01:58:00 - API endpoint accessed. Method: GET
2025-03-30 01:58:31 - API endpoint accessed. Method: GET
2025-03-30 03:04:32 - API endpoint accessed. Method: GET
2025-03-30 03:04:54 - API endpoint accessed. Method: GET
2025-03-30 03:15:38 - API endpoint accessed. Method: GET
2025-03-30 03:15:52 - API endpoint accessed. Method: GET
2025-03-30 03:18:49 - API endpoint accessed. Method: GET
2025-03-30 03:19:44 - API endpoint accessed. Method: GET
2025-03-30 03:34:08 - API endpoint accessed. Method: GET
2025-03-30 03:35:14 - API endpoint accessed. Method: GET
2025-03-30 03:38:54 - API endpoint accessed. Method: GET
2025-03-30 03:39:15 - API endpoint accessed. Method: GET
2025-03-30 03:44:51 - API endpoint accessed. Method: GET
2025-03-30 03:49:26 - API endpoint accessed. Method: GET
2025-03-30 03:51:05 - API endpoint accessed. Method: GET
2025-03-30 03:51:15 - API endpoint accessed. Method: GET
2025-03-30 03:57:39 - API endpoint accessed. Method: GET
2025-03-30 03:58:00 - API endpoint accessed. Method: GET
2025-03-30 03:58:45 - API endpoint accessed. Method: GET
2025-03-30 04:07:04 - API endpoint accessed. Method: GET
2025-03-30 22:27:56 - API endpoint accessed. Method: GET
2025-03-30 22:41:59 - API endpoint accessed. Method: GET
2025-03-31 23:47:11 - API endpoint accessed. Method: GET
2025-03-31 23:48:17 - API endpoint accessed. Method: GET
2025-03-31 23:49:53 - API endpoint accessed. Method: GET
2025-03-31 23:51:20 - API endpoint accessed. Method: POST
2025-03-31 23:51:20 - Received data: Array
(
    [company_name] => Summer
    [business_type] => Plumbing
    [location] => wyly
    [email] => mike@gmail.com
    [phone] => 9452562536
    [rating] => 4
    [contact_person] => Array
        (
            [name] => Jo
            [position] => Dowe
            [phone] => 9452562536
            [email] => mike@gmail.com
            [is_primary_contact] => 1
        )

)

2025-03-31 23:51:20 - SQL: INSERT INTO construction_contractors (company_name, business_type, location, email, phone, rating, created_at, updated_at) 
            VALUES (?, ?, ?, ?, ?, ?, NOW(), NOW())
2025-03-31 23:51:20 - Params: Array
(
    [0] => Summer
    [1] => Plumbing
    [2] => wyly
    [3] => mike@gmail.com
    [4] => 9452562536
    [5] => 4
)

2025-03-31 23:51:20 - Insert result: ID: 12
2025-03-31 23:51:20 - API endpoint accessed. Method: GET
2025-03-31 23:52:12 - API endpoint accessed. Method: GET
2025-03-31 23:58:55 - API endpoint accessed. Method: GET
2025-03-31 23:59:22 - API endpoint accessed. Method: GET
2025-03-31 23:59:40 - API endpoint accessed. Method: GET
2025-04-01 00:11:58 - API endpoint accessed. Method: GET
2025-04-01 00:12:12 - API endpoint accessed. Method: POST
2025-04-01 00:12:12 - Received data: Array
(
    [company_name] => Summer
    [business_type] => Plumbing
    [location] => wyly
    [email] => mike@gmail.com
    [phone] => 9452562536
    [rating] => 4
    [notes] => 
    [employees] => Array
        (
            [0] => Array
                (
                    [name] => sgsrgr rgreerh
                    [position] => ahreaheth
                    [phone] => 9452587485
                    [email] => 
                    [is_primary_contact] => 0
                )

        )

)

2025-04-01 00:12:12 - API endpoint accessed. Method: GET
2025-04-01 00:12:38 - API endpoint accessed. Method: GET
2025-04-01 00:13:13 - API endpoint accessed. Method: GET
2025-04-01 00:13:23 - API endpoint accessed. Method: POST
2025-04-01 00:13:23 - Received data: Array
(
    [company_name] => Summer
    [business_type] => Plumbing
    [location] => wyly
    [email] => mike@gmail.com
    [phone] => 9452562536
    [rating] => 4
    [notes] => 
    [employees] => Array
        (
            [0] => Array
                (
                    [name] => ryjrsyjryj rj yyjtyj
                    [position] => djytdyjd
                    [phone] => 9452587485
                    [email] => 
                    [is_primary_contact] => 0
                )

        )

)

2025-04-01 00:13:23 - API endpoint accessed. Method: GET
2025-04-01 00:13:42 - API endpoint accessed. Method: POST
2025-04-01 00:13:42 - Received data: Array
(
    [company_name] => Test Company 1743227549
    [business_type] => Test Business
    [location] => Test Location
    [email] => test@example.com
    [phone] => 123-456-7890
    [rating] => 5
    [notes] => 
    [employees] => Array
        (
            [0] => Array
                (
                    [name] => rjtyjty tyjtyj
                    [position] => yjtyjtyjt
                    [phone] => 9452587485
                    [email] => 
                    [is_primary_contact] => 0
                )

        )

)

2025-04-01 00:13:42 - API endpoint accessed. Method: GET
2025-04-01 00:26:27 - API endpoint accessed. Method: GET
2025-04-01 00:26:49 - API endpoint accessed. Method: POST
2025-04-01 00:26:49 - Received data: Array
(
    [company_name] => Summer
    [business_type] => Plumbing
    [location] => wyly
    [email] => mike@gmail.com
    [phone] => 9452562536
    [rating] => 4
    [notes] => 
    [employees] => Array
        (
            [0] => Array
                (
                    [name] => fsfjyjry thryjtukgj,
                    [position] => sftuteum
                    [phone] => 9452365263
                    [email] => 
                    [is_primary_contact] => 0
                )

        )

)

2025-04-01 00:26:49 - API endpoint accessed. Method: GET
2025-04-01 00:34:46 - API endpoint accessed. Method: GET
2025-04-01 00:35:03 - API endpoint accessed. Method: POST
2025-04-01 00:35:03 - Received data: Array
(
    [company_name] => Summer
    [business_type] => Plumbing
    [location] => wyly
    [email] => mike@gmail.com
    [phone] => 9452562536
    [rating] => 4
    [notes] => 
    [employees] => Array
        (
            [0] => Array
                (
                    [name] => йкпуйпу рекркеркр
                    [position] => цкркркр
                    [phone] => 9452587412
                    [email] => 
                    [is_primary_contact] => 0
                )

        )

)

2025-04-01 00:35:03 - API endpoint accessed. Method: GET
2025-04-01 00:45:27 - API endpoint accessed. Method: GET
2025-04-01 00:45:33 - API endpoint accessed. Method: GET
2025-04-01 00:45:46 - API endpoint accessed. Method: POST
2025-04-01 00:45:46 - Received data: Array
(
    [company_name] => Summer
    [business_type] => Plumbing
    [location] => wyly
    [email] => mike@gmail.com
    [phone] => 9452562536
    [rating] => 4
    [notes] => 
    [employees] => Array
        (
            [0] => Array
                (
                    [name] => gdnsr rryjryj
                    [position] => rsjryjyj
                    [phone] => 2587418596
                    [email] => 
                    [is_primary_contact] => 0
                )

        )

)

2025-04-01 00:46:03 - API endpoint accessed. Method: POST
2025-04-01 00:46:03 - Received data: Array
(
    [company_name] => Test Company 1743227549
    [business_type] => Test Business
    [location] => Test Location
    [email] => test@example.com
    [phone] => 123-456-7890
    [rating] => 5
    [notes] => 
    [employees] => Array
        (
            [0] => Array
                (
                    [name] => styjytj yjtyjtyj
                    [position] => ryjryjetyj
                    [phone] => 8523692563
                    [email] => 
                    [is_primary_contact] => 0
                )

        )

)

2025-04-01 00:46:12 - API endpoint accessed. Method: POST
2025-04-01 00:46:12 - Received data: Array
(
    [company_name] => Test Company 1743227549
    [business_type] => Test Business
    [location] => Test Location
    [email] => test@example.com
    [phone] => 123-456-7890
    [rating] => 5
    [notes] => 
    [employees] => Array
        (
            [0] => Array
                (
                    [name] => styjytj yjtyjtyj
                    [position] => ryjryjetyj
                    [phone] => 8523692568
                    [email] => 
                    [is_primary_contact] => 0
                )

        )

)

2025-04-01 01:04:42 - API endpoint accessed. Method: GET
2025-04-01 01:13:19 - API endpoint accessed. Method: GET
2025-04-01 01:18:33 - API endpoint accessed. Method: GET
2025-04-01 01:22:44 - API endpoint accessed. Method: GET
2025-04-01 01:29:49 - API endpoint accessed. Method: GET
