2025-03-29 22:02:52 - Insert error: SQLSTATE[22007]: Invalid datetime format: 1292 Incorrect date value: '03/30/2025' for column `maintenancedb`.`construction_projects`.`start_date` at row 1 [SQL: INSERT INTO construction_projects (
                    name, location, start_date, end_date, contractor_id, contact_person_id, business_type, 
                    project_type, status, progress, actual_cost, last_update, budget, priority, 
                    description, objectives, risks, migrated_from_future
                ) VALUES (?, ?, ?, ?, ?, ?, ?, ?, ?, ?, ?, ?, ?, ?, ?, ?, ?, ?)]
2025-03-29 22:22:18 - Insert error: SQLSTATE[22007]: Invalid datetime format: 1292 Incorrect date value: '03/30/2025' for column `maintenancedb`.`construction_projects`.`start_date` at row 1 [SQL: INSERT INTO construction_projects (
                    name, location, start_date, end_date, contractor_id, contact_person_id, business_type, 
                    project_type, status, progress, actual_cost, last_update, budget, priority, 
                    description, objectives, risks, migrated_from_future
                ) VALUES (?, ?, ?, ?, ?, ?, ?, ?, ?, ?, ?, ?, ?, ?, ?, ?, ?, ?)]
2025-03-29 23:22:19 - Insert error: SQLSTATE[22007]: Invalid datetime format: 1292 Incorrect date value: '03/30/2025' for column `maintenancedb`.`construction_projects`.`start_date` at row 1 [SQL: INSERT INTO construction_projects (
                    name, location, start_date, end_date, contractor_id, contact_person_id, business_type, 
                    project_type, status, progress, actual_cost, last_update, budget, priority, 
                    description, objectives, risks, migrated_from_future
                ) VALUES (?, ?, ?, ?, ?, ?, ?, ?, ?, ?, ?, ?, ?, ?, ?, ?, ?, ?)]
2025-03-29 23:26:58 - Insert error: SQLSTATE[22007]: Invalid datetime format: 1292 Incorrect date value: '03/30/2025' for column `maintenancedb`.`construction_projects`.`start_date` at row 1 [SQL: INSERT INTO construction_projects (
                    name, location, start_date, end_date, contractor_id, contact_person_id, business_type, 
                    project_type, status, progress, actual_cost, last_update, budget, priority, 
                    description, objectives, risks, migrated_from_future
                ) VALUES (?, ?, ?, ?, ?, ?, ?, ?, ?, ?, ?, ?, ?, ?, ?, ?, ?, ?)]
2025-03-29 23:36:09 - Insert error: SQLSTATE[22007]: Invalid datetime format: 1292 Incorrect date value: '03/30/2025' for column `maintenancedb`.`construction_projects`.`start_date` at row 1 [SQL: INSERT INTO construction_projects (
                    name, location, start_date, end_date, contractor_id, contact_person_id, business_type, 
                    project_type, status, progress, actual_cost, last_update, budget, priority, 
                    description, objectives, risks, migrated_from_future
                ) VALUES (?, ?, ?, ?, ?, ?, ?, ?, ?, ?, ?, ?, ?, ?, ?, ?, ?, ?)]
2025-03-29 23:37:06 - Insert error: SQLSTATE[22007]: Invalid datetime format: 1292 Incorrect date value: '03/30/2025' for column `maintenancedb`.`construction_projects`.`start_date` at row 1 [SQL: INSERT INTO construction_projects (
                    name, location, start_date, end_date, contractor_id, contact_person_id, business_type, 
                    project_type, status, progress, actual_cost, last_update, budget, priority, 
                    description, objectives, risks, migrated_from_future
                ) VALUES (?, ?, ?, ?, ?, ?, ?, ?, ?, ?, ?, ?, ?, ?, ?, ?, ?, ?)]
2025-03-29 23:43:08 - Insert error: SQLSTATE[22007]: Invalid datetime format: 1292 Incorrect date value: '03/30/2025' for column `maintenancedb`.`construction_projects`.`start_date` at row 1 [SQL: INSERT INTO construction_projects (
                    name, location, start_date, end_date, contractor_id, contact_person_id, business_type, 
                    project_type, status, progress, actual_cost, last_update, budget, priority, 
                    description, objectives, risks, migrated_from_future
                ) VALUES (?, ?, ?, ?, ?, ?, ?, ?, ?, ?, ?, ?, ?, ?, ?, ?, ?, ?)]
2025-03-29 23:43:11 - Insert error: SQLSTATE[22007]: Invalid datetime format: 1292 Incorrect date value: '03/30/2025' for column `maintenancedb`.`construction_projects`.`start_date` at row 1 [SQL: INSERT INTO construction_projects (
                    name, location, start_date, end_date, contractor_id, contact_person_id, business_type, 
                    project_type, status, progress, actual_cost, last_update, budget, priority, 
                    description, objectives, risks, migrated_from_future
                ) VALUES (?, ?, ?, ?, ?, ?, ?, ?, ?, ?, ?, ?, ?, ?, ?, ?, ?, ?)]
2025-03-29 23:44:38 - Insert error: SQLSTATE[23000]: Integrity constraint violation: 1452 Cannot add or update a child row: a foreign key constraint fails (`maintenancedb`.`construction_projects`, CONSTRAINT `construction_projects_ibfk_2` FOREIGN KEY (`contact_person_id`) REFERENCES `construction_employees` (`id`) ON DELETE SET NULL) [SQL: INSERT INTO construction_projects (
                    name, location, start_date, end_date, contractor_id, contact_person_id, business_type, 
                    project_type, status, progress, actual_cost, last_update, budget, priority, 
                    description, objectives, risks, migrated_from_future
                ) VALUES (?, ?, ?, ?, ?, ?, ?, ?, ?, ?, ?, ?, ?, ?, ?, ?, ?, ?)]
2025-03-29 23:44:59 - Insert error: SQLSTATE[23000]: Integrity constraint violation: 1452 Cannot add or update a child row: a foreign key constraint fails (`maintenancedb`.`construction_projects`, CONSTRAINT `construction_projects_ibfk_2` FOREIGN KEY (`contact_person_id`) REFERENCES `construction_employees` (`id`) ON DELETE SET NULL) [SQL: INSERT INTO construction_projects (
                    name, location, start_date, end_date, contractor_id, contact_person_id, business_type, 
                    project_type, status, progress, actual_cost, last_update, budget, priority, 
                    description, objectives, risks, migrated_from_future
                ) VALUES (?, ?, ?, ?, ?, ?, ?, ?, ?, ?, ?, ?, ?, ?, ?, ?, ?, ?)]
2025-03-29 23:53:30 - Insert error: SQLSTATE[23000]: Integrity constraint violation: 1452 Cannot add or update a child row: a foreign key constraint fails (`maintenancedb`.`construction_projects`, CONSTRAINT `construction_projects_ibfk_2` FOREIGN KEY (`contact_person_id`) REFERENCES `construction_employees` (`id`) ON DELETE SET NULL) [SQL: INSERT INTO construction_projects (
                    name, location, start_date, end_date, contractor_id, contact_person_id, business_type, 
                    project_type, status, progress, actual_cost, last_update, budget, priority, 
                    description, objectives, risks, migrated_from_future
                ) VALUES (?, ?, ?, ?, ?, ?, ?, ?, ?, ?, ?, ?, ?, ?, ?, ?, ?, ?)]
2025-03-30 00:03:00 - Insert error: SQLSTATE[23000]: Integrity constraint violation: 1452 Cannot add or update a child row: a foreign key constraint fails (`maintenancedb`.`construction_projects`, CONSTRAINT `construction_projects_ibfk_2` FOREIGN KEY (`contact_person_id`) REFERENCES `construction_employees` (`id`) ON DELETE SET NULL) [SQL: INSERT INTO construction_projects (
                    name, location, start_date, end_date, contractor_id, contact_person_id, business_type, 
                    project_type, status, progress, actual_cost, last_update, budget, priority, 
                    description, objectives, risks, migrated_from_future
                ) VALUES (?, ?, ?, ?, ?, ?, ?, ?, ?, ?, ?, ?, ?, ?, ?, ?, ?, ?)]
2025-03-30 00:03:03 - Insert error: SQLSTATE[23000]: Integrity constraint violation: 1452 Cannot add or update a child row: a foreign key constraint fails (`maintenancedb`.`construction_projects`, CONSTRAINT `construction_projects_ibfk_2` FOREIGN KEY (`contact_person_id`) REFERENCES `construction_employees` (`id`) ON DELETE SET NULL) [SQL: INSERT INTO construction_projects (
                    name, location, start_date, end_date, contractor_id, contact_person_id, business_type, 
                    project_type, status, progress, actual_cost, last_update, budget, priority, 
                    description, objectives, risks, migrated_from_future
                ) VALUES (?, ?, ?, ?, ?, ?, ?, ?, ?, ?, ?, ?, ?, ?, ?, ?, ?, ?)]
2025-03-30 00:16:05 - Insert error: SQLSTATE[23000]: Integrity constraint violation: 1048 Column 'file_name' cannot be null [SQL: INSERT INTO construction_project_files (
                project_id, file_name, original_name, file_type, file_category, 
                mime_type, file_path, mini_path, migrated_from_future
            ) VALUES (?, ?, ?, ?, ?, ?, ?, ?, ?)]
2025-03-30 00:16:05 - Insert error: SQLSTATE[23000]: Integrity constraint violation: 1048 Column 'file_name' cannot be null [SQL: INSERT INTO construction_project_files (
                project_id, file_name, original_name, file_type, file_category, 
                mime_type, file_path, mini_path, migrated_from_future
            ) VALUES (?, ?, ?, ?, ?, ?, ?, ?, ?)]
